This file contains any messages produced by compilers while
running configure, to aid debugging if configure makes a mistake.

It was created by PAPI configure 4.2.0.0, which was
generated by GNU Autoconf 2.59.  Invocation command line was

  $ ./configure 

## --------- ##
## Platform. ##
## --------- ##

hostname = naps62-mint
uname -m = x86_64
uname -r = 2.6.38-8-generic
uname -s = Linux
uname -v = #42-Ubuntu SMP Mon Apr 11 03:31:24 UTC 2011

/usr/bin/uname -p = unknown
/bin/uname -X     = unknown

/bin/arch              = unknown
/usr/bin/arch -k       = unknown
/usr/convex/getsysinfo = unknown
hostinfo               = unknown
/bin/machine           = unknown
/usr/bin/oslevel       = unknown
/bin/universe          = unknown

PATH: /usr/local/cuda/bin
PATH: /usr/local/sbin
PATH: /usr/local/bin
PATH: /usr/sbin
PATH: /usr/bin
PATH: /sbin
PATH: /bin
PATH: /usr/games


## ----------- ##
## Core tests. ##
## ----------- ##

configure:1359: checking for architecture
configure:1369: result: x86_64
configure:1379: checking for OS
configure:1392: result: linux
configure:1402: checking for OS version
configure:1414: result: 2.6.38-8-generic
configure:1417: checking for user events
configure:1425: result: 
configure:1428: checking for static user events build
configure:1436: result: 
configure:1439: checking for perf_event workaround level
configure:1450: result: autodetect
configure:1517: checking for xlc
configure:1546: result: no
configure:1517: checking for gcc
configure:1533: found /usr/bin/gcc
configure:1543: result: gcc
configure:1564: checking for C compiler version
configure:1567: gcc --version </dev/null >&5
gcc (Ubuntu/Linaro 4.5.2-8ubuntu4) 4.5.2
Copyright (C) 2010 Free Software Foundation, Inc.
This is free software; see the source for copying conditions.  There is NO
warranty; not even for MERCHANTABILITY or FITNESS FOR A PARTICULAR PURPOSE.

configure:1570: $? = 0
configure:1572: gcc -v </dev/null >&5
Using built-in specs.
COLLECT_GCC=gcc
COLLECT_LTO_WRAPPER=/usr/lib/x86_64-linux-gnu/gcc/x86_64-linux-gnu/4.5.2/lto-wrapper
Target: x86_64-linux-gnu
Configured with: ../src/configure -v --with-pkgversion='Ubuntu/Linaro 4.5.2-8ubuntu4' --with-bugurl=file:///usr/share/doc/gcc-4.5/README.Bugs --enable-languages=c,c++,fortran,objc,obj-c++ --prefix=/usr --program-suffix=-4.5 --enable-shared --enable-multiarch --with-multiarch-defaults=x86_64-linux-gnu --enable-linker-build-id --with-system-zlib --libexecdir=/usr/lib/x86_64-linux-gnu --without-included-gettext --enable-threads=posix --with-gxx-include-dir=/usr/include/c++/4.5 --libdir=/usr/lib/x86_64-linux-gnu --enable-nls --with-sysroot=/ --enable-clocale=gnu --enable-libstdcxx-debug --enable-libstdcxx-time=yes --enable-plugin --enable-gold --enable-ld=default --with-plugin-ld=ld.gold --enable-objc-gc --disable-werror --with-arch-32=i686 --with-tune=generic --enable-checking=release --build=x86_64-linux-gnu --host=x86_64-linux-gnu --target=x86_64-linux-gnu
Thread model: posix
gcc version 4.5.2 (Ubuntu/Linaro 4.5.2-8ubuntu4) 
configure:1575: $? = 0
configure:1577: gcc -V </dev/null >&5
gcc: '-V' option must have argument
configure:1580: $? = 1
configure:1603: checking for C compiler default output file name
configure:1606: gcc  -g   conftest.c  >&5
configure:1609: $? = 0
configure:1655: result: a.out
configure:1660: checking whether the C compiler works
configure:1666: ./a.out
configure:1669: $? = 0
configure:1686: result: yes
configure:1693: checking whether we are cross compiling
configure:1695: result: no
configure:1698: checking for suffix of executables
configure:1700: gcc -o conftest  -g   conftest.c  >&5
configure:1703: $? = 0
configure:1728: result: 
configure:1734: checking for suffix of object files
configure:1755: gcc -c  -g  conftest.c >&5
configure:1758: $? = 0
configure:1780: result: o
configure:1784: checking whether we are using the GNU C compiler
configure:1808: gcc -c  -g  conftest.c >&5
configure:1814: $? = 0
configure:1818: test -z 
			 || test ! -s conftest.err
configure:1821: $? = 0
configure:1824: test -s conftest.o
configure:1827: $? = 0
configure:1840: result: yes
configure:1846: checking whether gcc accepts -g
configure:1867: gcc -c -g  conftest.c >&5
configure:1873: $? = 0
configure:1877: test -z 
			 || test ! -s conftest.err
configure:1880: $? = 0
configure:1883: test -s conftest.o
configure:1886: $? = 0
configure:1897: result: yes
configure:1914: checking for gcc option to accept ANSI C
configure:1984: gcc  -c  -g  conftest.c >&5
configure:1990: $? = 0
configure:1994: test -z 
			 || test ! -s conftest.err
configure:1997: $? = 0
configure:2000: test -s conftest.o
configure:2003: $? = 0
configure:2021: result: none needed
configure:2039: gcc -c  -g  conftest.c >&5
conftest.c:2:9: error: expected '=', ',', ';', 'asm' or '__attribute__' before 'me'
configure:2045: $? = 1
configure: failed program was:
| #ifndef __cplusplus
|   choke me
| #endif
configure:2229: checking for xlf
configure:2258: result: no
configure:2229: checking for gfortran
configure:2258: result: no
configure:2229: checking for f95
configure:2258: result: no
configure:2229: checking for f90
configure:2258: result: no
configure:2229: checking for f77
configure:2258: result: no
configure:2229: checking for ifort
configure:2258: result: no
configure:2270: checking for Fortran 77 compiler version
configure:2273:  --version </dev/null >&5
./configure: line 2274: --version: command not found
configure:2276: $? = 127
configure:2278:  -v </dev/null >&5
./configure: line 2279: -v: command not found
configure:2281: $? = 127
configure:2283:  -V </dev/null >&5
./configure: line 2284: -V: command not found
configure:2286: $? = 127
configure:2294: checking whether we are using the GNU Fortran 77 compiler
configure:2308:  -c  conftest.F >&5
./configure: line 2309: -c: command not found
configure:2314: $? = 127
configure: failed program was:
|       program main
| #ifndef __GNUC__
|        choke me
| #endif
| 
|       end
configure:2340: result: no
configure:2346: checking whether  accepts -g
configure:2358:  -c -g conftest.f >&5
./configure: line 2359: -c: command not found
configure:2364: $? = 127
configure: failed program was:
|       program main
| 
|       end
configure:2389: result: no
configure:2421: checking for gawk
configure:2437: found /usr/bin/gawk
configure:2447: result: gawk
configure:2462: checking how to run the C preprocessor
configure:2497: gcc -E  conftest.c
configure:2503: $? = 0
configure:2535: gcc -E  conftest.c
conftest.c:9:28: fatal error: ac_nonexistent.h: No such file or directory
compilation terminated.
configure:2541: $? = 1
configure: failed program was:
| /* confdefs.h.  */
| 
| #define PACKAGE_NAME "PAPI"
| #define PACKAGE_TARNAME "papi"
| #define PACKAGE_VERSION "4.2.0.0"
| #define PACKAGE_STRING "PAPI 4.2.0.0"
| #define PACKAGE_BUGREPORT "ptools-perfapi@eecs.utk.edu"
| /* end confdefs.h.  */
| #include <ac_nonexistent.h>
configure:2580: result: gcc -E
configure:2604: gcc -E  conftest.c
configure:2610: $? = 0
configure:2642: gcc -E  conftest.c
conftest.c:9:28: fatal error: ac_nonexistent.h: No such file or directory
compilation terminated.
configure:2648: $? = 1
configure: failed program was:
| /* confdefs.h.  */
| 
| #define PACKAGE_NAME "PAPI"
| #define PACKAGE_TARNAME "papi"
| #define PACKAGE_VERSION "4.2.0.0"
| #define PACKAGE_STRING "PAPI 4.2.0.0"
| #define PACKAGE_BUGREPORT "ptools-perfapi@eecs.utk.edu"
| /* end confdefs.h.  */
| #include <ac_nonexistent.h>
configure:2691: checking whether ln -s works
configure:2695: result: yes
configure:2702: checking whether make sets $(MAKE)
configure:2722: result: yes
configure:2772: checking for ranlib
configure:2788: found /usr/bin/ranlib
configure:2799: result: ranlib
configure:2819: checking for egrep
configure:2829: result: grep -E
configure:2834: checking for ANSI C header files
configure:2859: gcc -c  -g  conftest.c >&5
configure:2865: $? = 0
configure:2869: test -z 
			 || test ! -s conftest.err
configure:2872: $? = 0
configure:2875: test -s conftest.o
configure:2878: $? = 0
configure:2967: gcc -o conftest  -g   conftest.c  >&5
conftest.c: In function 'main':
conftest.c:27:7: warning: incompatible implicit declaration of built-in function 'exit'
configure:2970: $? = 0
configure:2972: ./conftest
configure:2975: $? = 0
configure:2990: result: yes
configure:3000: checking for inline
configure:3021: gcc -c  -g  conftest.c >&5
configure:3027: $? = 0
configure:3031: test -z 
			 || test ! -s conftest.err
configure:3034: $? = 0
configure:3037: test -s conftest.o
configure:3040: $? = 0
configure:3052: result: inline
configure:3071: checking whether time.h and sys/time.h may both be included
configure:3096: gcc -c  -g  conftest.c >&5
configure:3102: $? = 0
configure:3106: test -z 
			 || test ! -s conftest.err
configure:3109: $? = 0
configure:3112: test -s conftest.o
configure:3115: $? = 0
configure:3126: result: yes
configure:3150: checking for sys/types.h
configure:3166: gcc -c  -g  conftest.c >&5
configure:3172: $? = 0
configure:3176: test -z 
			 || test ! -s conftest.err
configure:3179: $? = 0
configure:3182: test -s conftest.o
configure:3185: $? = 0
configure:3196: result: yes
configure:3150: checking for sys/stat.h
configure:3166: gcc -c  -g  conftest.c >&5
configure:3172: $? = 0
configure:3176: test -z 
			 || test ! -s conftest.err
configure:3179: $? = 0
configure:3182: test -s conftest.o
configure:3185: $? = 0
configure:3196: result: yes
configure:3150: checking for stdlib.h
configure:3166: gcc -c  -g  conftest.c >&5
configure:3172: $? = 0
configure:3176: test -z 
			 || test ! -s conftest.err
configure:3179: $? = 0
configure:3182: test -s conftest.o
configure:3185: $? = 0
configure:3196: result: yes
configure:3150: checking for string.h
configure:3166: gcc -c  -g  conftest.c >&5
configure:3172: $? = 0
configure:3176: test -z 
			 || test ! -s conftest.err
configure:3179: $? = 0
configure:3182: test -s conftest.o
configure:3185: $? = 0
configure:3196: result: yes
configure:3150: checking for memory.h
configure:3166: gcc -c  -g  conftest.c >&5
configure:3172: $? = 0
configure:3176: test -z 
			 || test ! -s conftest.err
configure:3179: $? = 0
configure:3182: test -s conftest.o
configure:3185: $? = 0
configure:3196: result: yes
configure:3150: checking for strings.h
configure:3166: gcc -c  -g  conftest.c >&5
configure:3172: $? = 0
configure:3176: test -z 
			 || test ! -s conftest.err
configure:3179: $? = 0
configure:3182: test -s conftest.o
configure:3185: $? = 0
configure:3196: result: yes
configure:3150: checking for inttypes.h
configure:3166: gcc -c  -g  conftest.c >&5
configure:3172: $? = 0
configure:3176: test -z 
			 || test ! -s conftest.err
configure:3179: $? = 0
configure:3182: test -s conftest.o
configure:3185: $? = 0
configure:3196: result: yes
configure:3150: checking for stdint.h
configure:3166: gcc -c  -g  conftest.c >&5
configure:3172: $? = 0
configure:3176: test -z 
			 || test ! -s conftest.err
configure:3179: $? = 0
configure:3182: test -s conftest.o
configure:3185: $? = 0
configure:3196: result: yes
configure:3150: checking for unistd.h
configure:3166: gcc -c  -g  conftest.c >&5
configure:3172: $? = 0
configure:3176: test -z 
			 || test ! -s conftest.err
configure:3179: $? = 0
configure:3182: test -s conftest.o
configure:3185: $? = 0
configure:3196: result: yes
configure:3225: checking sys/time.h usability
configure:3237: gcc -c  -g  conftest.c >&5
configure:3243: $? = 0
configure:3247: test -z 
			 || test ! -s conftest.err
configure:3250: $? = 0
configure:3253: test -s conftest.o
configure:3256: $? = 0
configure:3266: result: yes
configure:3270: checking sys/time.h presence
configure:3280: gcc -E  conftest.c
configure:3286: $? = 0
configure:3306: result: yes
configure:3341: checking for sys/time.h
configure:3348: result: yes
configure:3225: checking c_asm.h usability
configure:3237: gcc -c  -g  conftest.c >&5
conftest.c:56:19: fatal error: c_asm.h: No such file or directory
compilation terminated.
configure:3243: $? = 1
configure: failed program was:
| /* confdefs.h.  */
| 
| #define PACKAGE_NAME "PAPI"
| #define PACKAGE_TARNAME "papi"
| #define PACKAGE_VERSION "4.2.0.0"
| #define PACKAGE_STRING "PAPI 4.2.0.0"
| #define PACKAGE_BUGREPORT "ptools-perfapi@eecs.utk.edu"
| #define _GNU_SOURCE 1
| #define STDC_HEADERS 1
| #define TIME_WITH_SYS_TIME 1
| #define HAVE_SYS_TYPES_H 1
| #define HAVE_SYS_STAT_H 1
| #define HAVE_STDLIB_H 1
| #define HAVE_STRING_H 1
| #define HAVE_MEMORY_H 1
| #define HAVE_STRINGS_H 1
| #define HAVE_INTTYPES_H 1
| #define HAVE_STDINT_H 1
| #define HAVE_UNISTD_H 1
| #define HAVE_SYS_TIME_H 1
| /* end confdefs.h.  */
| #include <stdio.h>
| #if HAVE_SYS_TYPES_H
| # include <sys/types.h>
| #endif
| #if HAVE_SYS_STAT_H
| # include <sys/stat.h>
| #endif
| #if STDC_HEADERS
| # include <stdlib.h>
| # include <stddef.h>
| #else
| # if HAVE_STDLIB_H
| #  include <stdlib.h>
| # endif
| #endif
| #if HAVE_STRING_H
| # if !STDC_HEADERS && HAVE_MEMORY_H
| #  include <memory.h>
| # endif
| # include <string.h>
| #endif
| #if HAVE_STRINGS_H
| # include <strings.h>
| #endif
| #if HAVE_INTTYPES_H
| # include <inttypes.h>
| #else
| # if HAVE_STDINT_H
| #  include <stdint.h>
| # endif
| #endif
| #if HAVE_UNISTD_H
| # include <unistd.h>
| #endif
| #include <c_asm.h>
configure:3266: result: no
configure:3270: checking c_asm.h presence
configure:3280: gcc -E  conftest.c
conftest.c:22:19: fatal error: c_asm.h: No such file or directory
compilation terminated.
configure:3286: $? = 1
configure: failed program was:
| /* confdefs.h.  */
| 
| #define PACKAGE_NAME "PAPI"
| #define PACKAGE_TARNAME "papi"
| #define PACKAGE_VERSION "4.2.0.0"
| #define PACKAGE_STRING "PAPI 4.2.0.0"
| #define PACKAGE_BUGREPORT "ptools-perfapi@eecs.utk.edu"
| #define _GNU_SOURCE 1
| #define STDC_HEADERS 1
| #define TIME_WITH_SYS_TIME 1
| #define HAVE_SYS_TYPES_H 1
| #define HAVE_SYS_STAT_H 1
| #define HAVE_STDLIB_H 1
| #define HAVE_STRING_H 1
| #define HAVE_MEMORY_H 1
| #define HAVE_STRINGS_H 1
| #define HAVE_INTTYPES_H 1
| #define HAVE_STDINT_H 1
| #define HAVE_UNISTD_H 1
| #define HAVE_SYS_TIME_H 1
| /* end confdefs.h.  */
| #include <c_asm.h>
configure:3306: result: no
configure:3341: checking for c_asm.h
configure:3348: result: no
configure:3225: checking intrinsics.h usability
configure:3237: gcc -c  -g  conftest.c >&5
conftest.c:56:24: fatal error: intrinsics.h: No such file or directory
compilation terminated.
configure:3243: $? = 1
configure: failed program was:
| /* confdefs.h.  */
| 
| #define PACKAGE_NAME "PAPI"
| #define PACKAGE_TARNAME "papi"
| #define PACKAGE_VERSION "4.2.0.0"
| #define PACKAGE_STRING "PAPI 4.2.0.0"
| #define PACKAGE_BUGREPORT "ptools-perfapi@eecs.utk.edu"
| #define _GNU_SOURCE 1
| #define STDC_HEADERS 1
| #define TIME_WITH_SYS_TIME 1
| #define HAVE_SYS_TYPES_H 1
| #define HAVE_SYS_STAT_H 1
| #define HAVE_STDLIB_H 1
| #define HAVE_STRING_H 1
| #define HAVE_MEMORY_H 1
| #define HAVE_STRINGS_H 1
| #define HAVE_INTTYPES_H 1
| #define HAVE_STDINT_H 1
| #define HAVE_UNISTD_H 1
| #define HAVE_SYS_TIME_H 1
| /* end confdefs.h.  */
| #include <stdio.h>
| #if HAVE_SYS_TYPES_H
| # include <sys/types.h>
| #endif
| #if HAVE_SYS_STAT_H
| # include <sys/stat.h>
| #endif
| #if STDC_HEADERS
| # include <stdlib.h>
| # include <stddef.h>
| #else
| # if HAVE_STDLIB_H
| #  include <stdlib.h>
| # endif
| #endif
| #if HAVE_STRING_H
| # if !STDC_HEADERS && HAVE_MEMORY_H
| #  include <memory.h>
| # endif
| # include <string.h>
| #endif
| #if HAVE_STRINGS_H
| # include <strings.h>
| #endif
| #if HAVE_INTTYPES_H
| # include <inttypes.h>
| #else
| # if HAVE_STDINT_H
| #  include <stdint.h>
| # endif
| #endif
| #if HAVE_UNISTD_H
| # include <unistd.h>
| #endif
| #include <intrinsics.h>
configure:3266: result: no
configure:3270: checking intrinsics.h presence
configure:3280: gcc -E  conftest.c
conftest.c:22:24: fatal error: intrinsics.h: No such file or directory
compilation terminated.
configure:3286: $? = 1
configure: failed program was:
| /* confdefs.h.  */
| 
| #define PACKAGE_NAME "PAPI"
| #define PACKAGE_TARNAME "papi"
| #define PACKAGE_VERSION "4.2.0.0"
| #define PACKAGE_STRING "PAPI 4.2.0.0"
| #define PACKAGE_BUGREPORT "ptools-perfapi@eecs.utk.edu"
| #define _GNU_SOURCE 1
| #define STDC_HEADERS 1
| #define TIME_WITH_SYS_TIME 1
| #define HAVE_SYS_TYPES_H 1
| #define HAVE_SYS_STAT_H 1
| #define HAVE_STDLIB_H 1
| #define HAVE_STRING_H 1
| #define HAVE_MEMORY_H 1
| #define HAVE_STRINGS_H 1
| #define HAVE_INTTYPES_H 1
| #define HAVE_STDINT_H 1
| #define HAVE_UNISTD_H 1
| #define HAVE_SYS_TIME_H 1
| /* end confdefs.h.  */
| #include <intrinsics.h>
configure:3306: result: no
configure:3341: checking for intrinsics.h
configure:3348: result: no
configure:3225: checking mach/mach_time.h usability
configure:3237: gcc -c  -g  conftest.c >&5
conftest.c:56:28: fatal error: mach/mach_time.h: No such file or directory
compilation terminated.
configure:3243: $? = 1
configure: failed program was:
| /* confdefs.h.  */
| 
| #define PACKAGE_NAME "PAPI"
| #define PACKAGE_TARNAME "papi"
| #define PACKAGE_VERSION "4.2.0.0"
| #define PACKAGE_STRING "PAPI 4.2.0.0"
| #define PACKAGE_BUGREPORT "ptools-perfapi@eecs.utk.edu"
| #define _GNU_SOURCE 1
| #define STDC_HEADERS 1
| #define TIME_WITH_SYS_TIME 1
| #define HAVE_SYS_TYPES_H 1
| #define HAVE_SYS_STAT_H 1
| #define HAVE_STDLIB_H 1
| #define HAVE_STRING_H 1
| #define HAVE_MEMORY_H 1
| #define HAVE_STRINGS_H 1
| #define HAVE_INTTYPES_H 1
| #define HAVE_STDINT_H 1
| #define HAVE_UNISTD_H 1
| #define HAVE_SYS_TIME_H 1
| /* end confdefs.h.  */
| #include <stdio.h>
| #if HAVE_SYS_TYPES_H
| # include <sys/types.h>
| #endif
| #if HAVE_SYS_STAT_H
| # include <sys/stat.h>
| #endif
| #if STDC_HEADERS
| # include <stdlib.h>
| # include <stddef.h>
| #else
| # if HAVE_STDLIB_H
| #  include <stdlib.h>
| # endif
| #endif
| #if HAVE_STRING_H
| # if !STDC_HEADERS && HAVE_MEMORY_H
| #  include <memory.h>
| # endif
| # include <string.h>
| #endif
| #if HAVE_STRINGS_H
| # include <strings.h>
| #endif
| #if HAVE_INTTYPES_H
| # include <inttypes.h>
| #else
| # if HAVE_STDINT_H
| #  include <stdint.h>
| # endif
| #endif
| #if HAVE_UNISTD_H
| # include <unistd.h>
| #endif
| #include <mach/mach_time.h>
configure:3266: result: no
configure:3270: checking mach/mach_time.h presence
configure:3280: gcc -E  conftest.c
conftest.c:22:28: fatal error: mach/mach_time.h: No such file or directory
compilation terminated.
configure:3286: $? = 1
configure: failed program was:
| /* confdefs.h.  */
| 
| #define PACKAGE_NAME "PAPI"
| #define PACKAGE_TARNAME "papi"
| #define PACKAGE_VERSION "4.2.0.0"
| #define PACKAGE_STRING "PAPI 4.2.0.0"
| #define PACKAGE_BUGREPORT "ptools-perfapi@eecs.utk.edu"
| #define _GNU_SOURCE 1
| #define STDC_HEADERS 1
| #define TIME_WITH_SYS_TIME 1
| #define HAVE_SYS_TYPES_H 1
| #define HAVE_SYS_STAT_H 1
| #define HAVE_STDLIB_H 1
| #define HAVE_STRING_H 1
| #define HAVE_MEMORY_H 1
| #define HAVE_STRINGS_H 1
| #define HAVE_INTTYPES_H 1
| #define HAVE_STDINT_H 1
| #define HAVE_UNISTD_H 1
| #define HAVE_SYS_TIME_H 1
| /* end confdefs.h.  */
| #include <mach/mach_time.h>
configure:3306: result: no
configure:3341: checking for mach/mach_time.h
configure:3348: result: no
configure:3369: checking for gethrtime
configure:3426: gcc -o conftest  -g   conftest.c  >&5
/tmp/ccNUg0MP.o: In function `main':
/media/DATA/Downloads/Chrome/papi-4.2.0/src/conftest.c:62: undefined reference to `gethrtime'
/tmp/ccNUg0MP.o:(.data+0x0): undefined reference to `gethrtime'
collect2: ld returned 1 exit status
configure:3432: $? = 1
configure: failed program was:
| /* confdefs.h.  */
| 
| #define PACKAGE_NAME "PAPI"
| #define PACKAGE_TARNAME "papi"
| #define PACKAGE_VERSION "4.2.0.0"
| #define PACKAGE_STRING "PAPI 4.2.0.0"
| #define PACKAGE_BUGREPORT "ptools-perfapi@eecs.utk.edu"
| #define _GNU_SOURCE 1
| #define STDC_HEADERS 1
| #define TIME_WITH_SYS_TIME 1
| #define HAVE_SYS_TYPES_H 1
| #define HAVE_SYS_STAT_H 1
| #define HAVE_STDLIB_H 1
| #define HAVE_STRING_H 1
| #define HAVE_MEMORY_H 1
| #define HAVE_STRINGS_H 1
| #define HAVE_INTTYPES_H 1
| #define HAVE_STDINT_H 1
| #define HAVE_UNISTD_H 1
| #define HAVE_SYS_TIME_H 1
| /* end confdefs.h.  */
| /* Define gethrtime to an innocuous variant, in case <limits.h> declares gethrtime.
|    For example, HP-UX 11i <limits.h> declares gettimeofday.  */
| #define gethrtime innocuous_gethrtime
| 
| /* System header to define __stub macros and hopefully few prototypes,
|     which can conflict with char gethrtime (); below.
|     Prefer <limits.h> to <assert.h> if __STDC__ is defined, since
|     <limits.h> exists even on freestanding compilers.  */
| 
| #ifdef __STDC__
| # include <limits.h>
| #else
| # include <assert.h>
| #endif
| 
| #undef gethrtime
| 
| /* Override any gcc2 internal prototype to avoid an error.  */
| #ifdef __cplusplus
| extern "C"
| {
| #endif
| /* We use char because int might match the return type of a gcc2
|    builtin and then its argument prototype would still apply.  */
| char gethrtime ();
| /* The GNU C library defines this for functions which it implements
|     to always fail with ENOSYS.  Some functions are actually named
|     something starting with __ and the normal name is an alias.  */
| #if defined (__stub_gethrtime) || defined (__stub___gethrtime)
| choke me
| #else
| char (*f) () = gethrtime;
| #endif
| #ifdef __cplusplus
| }
| #endif
| 
| int
| main ()
| {
| return f != gethrtime;
|   ;
|   return 0;
| }
configure:3457: result: no
configure:3369: checking for read_real_time
configure:3426: gcc -o conftest  -g   conftest.c  >&5
/tmp/ccd0ctyS.o: In function `main':
/media/DATA/Downloads/Chrome/papi-4.2.0/src/conftest.c:62: undefined reference to `read_real_time'
/tmp/ccd0ctyS.o:(.data+0x0): undefined reference to `read_real_time'
collect2: ld returned 1 exit status
configure:3432: $? = 1
configure: failed program was:
| /* confdefs.h.  */
| 
| #define PACKAGE_NAME "PAPI"
| #define PACKAGE_TARNAME "papi"
| #define PACKAGE_VERSION "4.2.0.0"
| #define PACKAGE_STRING "PAPI 4.2.0.0"
| #define PACKAGE_BUGREPORT "ptools-perfapi@eecs.utk.edu"
| #define _GNU_SOURCE 1
| #define STDC_HEADERS 1
| #define TIME_WITH_SYS_TIME 1
| #define HAVE_SYS_TYPES_H 1
| #define HAVE_SYS_STAT_H 1
| #define HAVE_STDLIB_H 1
| #define HAVE_STRING_H 1
| #define HAVE_MEMORY_H 1
| #define HAVE_STRINGS_H 1
| #define HAVE_INTTYPES_H 1
| #define HAVE_STDINT_H 1
| #define HAVE_UNISTD_H 1
| #define HAVE_SYS_TIME_H 1
| /* end confdefs.h.  */
| /* Define read_real_time to an innocuous variant, in case <limits.h> declares read_real_time.
|    For example, HP-UX 11i <limits.h> declares gettimeofday.  */
| #define read_real_time innocuous_read_real_time
| 
| /* System header to define __stub macros and hopefully few prototypes,
|     which can conflict with char read_real_time (); below.
|     Prefer <limits.h> to <assert.h> if __STDC__ is defined, since
|     <limits.h> exists even on freestanding compilers.  */
| 
| #ifdef __STDC__
| # include <limits.h>
| #else
| # include <assert.h>
| #endif
| 
| #undef read_real_time
| 
| /* Override any gcc2 internal prototype to avoid an error.  */
| #ifdef __cplusplus
| extern "C"
| {
| #endif
| /* We use char because int might match the return type of a gcc2
|    builtin and then its argument prototype would still apply.  */
| char read_real_time ();
| /* The GNU C library defines this for functions which it implements
|     to always fail with ENOSYS.  Some functions are actually named
|     something starting with __ and the normal name is an alias.  */
| #if defined (__stub_read_real_time) || defined (__stub___read_real_time)
| choke me
| #else
| char (*f) () = read_real_time;
| #endif
| #ifdef __cplusplus
| }
| #endif
| 
| int
| main ()
| {
| return f != read_real_time;
|   ;
|   return 0;
| }
configure:3457: result: no
configure:3369: checking for time_base_to_time
configure:3426: gcc -o conftest  -g   conftest.c  >&5
/tmp/ccCpjIZY.o: In function `main':
/media/DATA/Downloads/Chrome/papi-4.2.0/src/conftest.c:62: undefined reference to `time_base_to_time'
/tmp/ccCpjIZY.o:(.data+0x0): undefined reference to `time_base_to_time'
collect2: ld returned 1 exit status
configure:3432: $? = 1
configure: failed program was:
| /* confdefs.h.  */
| 
| #define PACKAGE_NAME "PAPI"
| #define PACKAGE_TARNAME "papi"
| #define PACKAGE_VERSION "4.2.0.0"
| #define PACKAGE_STRING "PAPI 4.2.0.0"
| #define PACKAGE_BUGREPORT "ptools-perfapi@eecs.utk.edu"
| #define _GNU_SOURCE 1
| #define STDC_HEADERS 1
| #define TIME_WITH_SYS_TIME 1
| #define HAVE_SYS_TYPES_H 1
| #define HAVE_SYS_STAT_H 1
| #define HAVE_STDLIB_H 1
| #define HAVE_STRING_H 1
| #define HAVE_MEMORY_H 1
| #define HAVE_STRINGS_H 1
| #define HAVE_INTTYPES_H 1
| #define HAVE_STDINT_H 1
| #define HAVE_UNISTD_H 1
| #define HAVE_SYS_TIME_H 1
| /* end confdefs.h.  */
| /* Define time_base_to_time to an innocuous variant, in case <limits.h> declares time_base_to_time.
|    For example, HP-UX 11i <limits.h> declares gettimeofday.  */
| #define time_base_to_time innocuous_time_base_to_time
| 
| /* System header to define __stub macros and hopefully few prototypes,
|     which can conflict with char time_base_to_time (); below.
|     Prefer <limits.h> to <assert.h> if __STDC__ is defined, since
|     <limits.h> exists even on freestanding compilers.  */
| 
| #ifdef __STDC__
| # include <limits.h>
| #else
| # include <assert.h>
| #endif
| 
| #undef time_base_to_time
| 
| /* Override any gcc2 internal prototype to avoid an error.  */
| #ifdef __cplusplus
| extern "C"
| {
| #endif
| /* We use char because int might match the return type of a gcc2
|    builtin and then its argument prototype would still apply.  */
| char time_base_to_time ();
| /* The GNU C library defines this for functions which it implements
|     to always fail with ENOSYS.  Some functions are actually named
|     something starting with __ and the normal name is an alias.  */
| #if defined (__stub_time_base_to_time) || defined (__stub___time_base_to_time)
| choke me
| #else
| char (*f) () = time_base_to_time;
| #endif
| #ifdef __cplusplus
| }
| #endif
| 
| int
| main ()
| {
| return f != time_base_to_time;
|   ;
|   return 0;
| }
configure:3457: result: no
configure:3369: checking for clock_gettime
configure:3426: gcc -o conftest  -g   conftest.c  >&5
/tmp/ccqvI4P8.o: In function `main':
/media/DATA/Downloads/Chrome/papi-4.2.0/src/conftest.c:62: undefined reference to `clock_gettime'
/tmp/ccqvI4P8.o:(.data+0x0): undefined reference to `clock_gettime'
collect2: ld returned 1 exit status
configure:3432: $? = 1
configure: failed program was:
| /* confdefs.h.  */
| 
| #define PACKAGE_NAME "PAPI"
| #define PACKAGE_TARNAME "papi"
| #define PACKAGE_VERSION "4.2.0.0"
| #define PACKAGE_STRING "PAPI 4.2.0.0"
| #define PACKAGE_BUGREPORT "ptools-perfapi@eecs.utk.edu"
| #define _GNU_SOURCE 1
| #define STDC_HEADERS 1
| #define TIME_WITH_SYS_TIME 1
| #define HAVE_SYS_TYPES_H 1
| #define HAVE_SYS_STAT_H 1
| #define HAVE_STDLIB_H 1
| #define HAVE_STRING_H 1
| #define HAVE_MEMORY_H 1
| #define HAVE_STRINGS_H 1
| #define HAVE_INTTYPES_H 1
| #define HAVE_STDINT_H 1
| #define HAVE_UNISTD_H 1
| #define HAVE_SYS_TIME_H 1
| /* end confdefs.h.  */
| /* Define clock_gettime to an innocuous variant, in case <limits.h> declares clock_gettime.
|    For example, HP-UX 11i <limits.h> declares gettimeofday.  */
| #define clock_gettime innocuous_clock_gettime
| 
| /* System header to define __stub macros and hopefully few prototypes,
|     which can conflict with char clock_gettime (); below.
|     Prefer <limits.h> to <assert.h> if __STDC__ is defined, since
|     <limits.h> exists even on freestanding compilers.  */
| 
| #ifdef __STDC__
| # include <limits.h>
| #else
| # include <assert.h>
| #endif
| 
| #undef clock_gettime
| 
| /* Override any gcc2 internal prototype to avoid an error.  */
| #ifdef __cplusplus
| extern "C"
| {
| #endif
| /* We use char because int might match the return type of a gcc2
|    builtin and then its argument prototype would still apply.  */
| char clock_gettime ();
| /* The GNU C library defines this for functions which it implements
|     to always fail with ENOSYS.  Some functions are actually named
|     something starting with __ and the normal name is an alias.  */
| #if defined (__stub_clock_gettime) || defined (__stub___clock_gettime)
| choke me
| #else
| char (*f) () = clock_gettime;
| #endif
| #ifdef __cplusplus
| }
| #endif
| 
| int
| main ()
| {
| return f != clock_gettime;
|   ;
|   return 0;
| }
configure:3457: result: no
configure:3369: checking for mach_absolute_time
configure:3426: gcc -o conftest  -g   conftest.c  >&5
/tmp/ccHZE1Dj.o: In function `main':
/media/DATA/Downloads/Chrome/papi-4.2.0/src/conftest.c:62: undefined reference to `mach_absolute_time'
/tmp/ccHZE1Dj.o:(.data+0x0): undefined reference to `mach_absolute_time'
collect2: ld returned 1 exit status
configure:3432: $? = 1
configure: failed program was:
| /* confdefs.h.  */
| 
| #define PACKAGE_NAME "PAPI"
| #define PACKAGE_TARNAME "papi"
| #define PACKAGE_VERSION "4.2.0.0"
| #define PACKAGE_STRING "PAPI 4.2.0.0"
| #define PACKAGE_BUGREPORT "ptools-perfapi@eecs.utk.edu"
| #define _GNU_SOURCE 1
| #define STDC_HEADERS 1
| #define TIME_WITH_SYS_TIME 1
| #define HAVE_SYS_TYPES_H 1
| #define HAVE_SYS_STAT_H 1
| #define HAVE_STDLIB_H 1
| #define HAVE_STRING_H 1
| #define HAVE_MEMORY_H 1
| #define HAVE_STRINGS_H 1
| #define HAVE_INTTYPES_H 1
| #define HAVE_STDINT_H 1
| #define HAVE_UNISTD_H 1
| #define HAVE_SYS_TIME_H 1
| /* end confdefs.h.  */
| /* Define mach_absolute_time to an innocuous variant, in case <limits.h> declares mach_absolute_time.
|    For example, HP-UX 11i <limits.h> declares gettimeofday.  */
| #define mach_absolute_time innocuous_mach_absolute_time
| 
| /* System header to define __stub macros and hopefully few prototypes,
|     which can conflict with char mach_absolute_time (); below.
|     Prefer <limits.h> to <assert.h> if __STDC__ is defined, since
|     <limits.h> exists even on freestanding compilers.  */
| 
| #ifdef __STDC__
| # include <limits.h>
| #else
| # include <assert.h>
| #endif
| 
| #undef mach_absolute_time
| 
| /* Override any gcc2 internal prototype to avoid an error.  */
| #ifdef __cplusplus
| extern "C"
| {
| #endif
| /* We use char because int might match the return type of a gcc2
|    builtin and then its argument prototype would still apply.  */
| char mach_absolute_time ();
| /* The GNU C library defines this for functions which it implements
|     to always fail with ENOSYS.  Some functions are actually named
|     something starting with __ and the normal name is an alias.  */
| #if defined (__stub_mach_absolute_time) || defined (__stub___mach_absolute_time)
| choke me
| #else
| char (*f) () = mach_absolute_time;
| #endif
| #ifdef __cplusplus
| }
| #endif
| 
| int
| main ()
| {
| return f != mach_absolute_time;
|   ;
|   return 0;
| }
configure:3457: result: no
configure:3473: checking for dlopen and dlerror symbols in base system
configure:3491: gcc -o conftest  -g   conftest.c  >&5
/tmp/ccq0ibrq.o: In function `main':
/media/DATA/Downloads/Chrome/papi-4.2.0/src/conftest.c:26: undefined reference to `dlopen'
/media/DATA/Downloads/Chrome/papi-4.2.0/src/conftest.c:26: undefined reference to `dlerror'
collect2: ld returned 1 exit status
configure:3497: $? = 1
configure: failed program was:
| /* confdefs.h.  */
| 
| #define PACKAGE_NAME "PAPI"
| #define PACKAGE_TARNAME "papi"
| #define PACKAGE_VERSION "4.2.0.0"
| #define PACKAGE_STRING "PAPI 4.2.0.0"
| #define PACKAGE_BUGREPORT "ptools-perfapi@eecs.utk.edu"
| #define _GNU_SOURCE 1
| #define STDC_HEADERS 1
| #define TIME_WITH_SYS_TIME 1
| #define HAVE_SYS_TYPES_H 1
| #define HAVE_SYS_STAT_H 1
| #define HAVE_STDLIB_H 1
| #define HAVE_STRING_H 1
| #define HAVE_MEMORY_H 1
| #define HAVE_STRINGS_H 1
| #define HAVE_INTTYPES_H 1
| #define HAVE_STDINT_H 1
| #define HAVE_UNISTD_H 1
| #define HAVE_SYS_TIME_H 1
| /* end confdefs.h.  */
| #include <dlfcn.h>
| int
| main ()
| {
| void *p = dlopen ("", 0); char *c = dlerror();
|   ;
|   return 0;
| }
configure:3526: result: not found
configure:3528: checking for dlopen and dlerror symbols in -ldl
configure:3548: gcc -o conftest  -g   conftest.c  -ldl >&5
configure:3554: $? = 0
configure:3558: test -z 
			 || test ! -s conftest.err
configure:3561: $? = 0
configure:3564: test -s conftest
configure:3567: $? = 0
configure:3580: result: found
configure:3777: checking for components to build
configure:3814: result: 
configure:3818: checking for debug build
configure:3839: result: 
configure:3853: checking for CPU type
configure:4218: result: core2
configure:4239: checking for ffsll
configure:4296: gcc -o conftest  -g   conftest.c  >&5
conftest.c:47:6: warning: conflicting types for built-in function 'ffsll'
configure:4302: $? = 0
configure:4306: test -z 
			 || test ! -s conftest.err
configure:4309: $? = 0
configure:4312: test -s conftest
configure:4315: $? = 0
configure:4327: result: yes
configure:4351: checking for working gettid
configure:4358: gcc -o conftest  -g   conftest.c  >&5
/tmp/ccjSx6xX.o: In function `main':
/media/DATA/Downloads/Chrome/papi-4.2.0/src/conftest.c:2: undefined reference to `gettid'
collect2: ld returned 1 exit status
configure:4364: $? = 1
configure: failed program was:
| #include <sys/types.h>
|                 main() { pid_t a = gettid(); }
configure:4390: result: no
configure:4392: checking for working syscall(SYS_gettid)
configure:4400: gcc -o conftest  -g   conftest.c  >&5
configure:4406: $? = 0
configure:4410: test -z 
			 || test ! -s conftest.err
configure:4413: $? = 0
configure:4416: test -s conftest
configure:4419: $? = 0
configure:4421: result: yes
configure:4453: checking for working MMTIMER
configure:4489: gcc -o conftest  -g   conftest.c  >&5
configure:4492: $? = 0
configure:4494: ./conftest
configure:4497: $? = 1
configure: program exited with status 1
configure: failed program was:
| /* confdefs.h.  */
| 
| #define PACKAGE_NAME "PAPI"
| #define PACKAGE_TARNAME "papi"
| #define PACKAGE_VERSION "4.2.0.0"
| #define PACKAGE_STRING "PAPI 4.2.0.0"
| #define PACKAGE_BUGREPORT "ptools-perfapi@eecs.utk.edu"
| #define _GNU_SOURCE 1
| #define STDC_HEADERS 1
| #define TIME_WITH_SYS_TIME 1
| #define HAVE_SYS_TYPES_H 1
| #define HAVE_SYS_STAT_H 1
| #define HAVE_STDLIB_H 1
| #define HAVE_STRING_H 1
| #define HAVE_MEMORY_H 1
| #define HAVE_STRINGS_H 1
| #define HAVE_INTTYPES_H 1
| #define HAVE_STDINT_H 1
| #define HAVE_UNISTD_H 1
| #define HAVE_SYS_TIME_H 1
| #define CPU core2
| #define HAVE_SYSCALL_GETTID 1
| /* end confdefs.h.  */
| #include <unistd.h>
|                          #include <fcntl.h>
|                          #include <errno.h>
|                          #include <stdlib.h>
|                          #include <sys/ioctl.h>
|                          #include <linux/mmtimer.h>
|                          #ifndef MMTIMER_FULLNAME
|                          #define MMTIMER_FULLNAME "/dev/mmtimer"
|                          #endif
|                          int main() {
|                            int offset;
|                            int fd;
|                            if((fd = open(MMTIMER_FULLNAME, O_RDONLY)) == -1)
|                              exit(1);
|                            if ((offset = ioctl(fd, MMTIMER_GETOFFSET, 0)) < 0)
|                              exit(1);
|                            close(fd);
|                            exit(0);
|                          }
configure:4508: result: no
configure:4510: checking for working CLOCK_REALTIME_HR POSIX 1b timer
configure:4544: gcc -o conftest  -g   conftest.c  >&5
conftest.c: In function 'main':
conftest.c:32:71: error: 'CLOCK_REALTIME_HR' undeclared (first use in this function)
conftest.c:32:71: note: each undeclared identifier is reported only once for each function it appears in
configure:4547: $? = 1
configure: program exited with status 1
configure: failed program was:
| /* confdefs.h.  */
| 
| #define PACKAGE_NAME "PAPI"
| #define PACKAGE_TARNAME "papi"
| #define PACKAGE_VERSION "4.2.0.0"
| #define PACKAGE_STRING "PAPI 4.2.0.0"
| #define PACKAGE_BUGREPORT "ptools-perfapi@eecs.utk.edu"
| #define _GNU_SOURCE 1
| #define STDC_HEADERS 1
| #define TIME_WITH_SYS_TIME 1
| #define HAVE_SYS_TYPES_H 1
| #define HAVE_SYS_STAT_H 1
| #define HAVE_STDLIB_H 1
| #define HAVE_STRING_H 1
| #define HAVE_MEMORY_H 1
| #define HAVE_STRINGS_H 1
| #define HAVE_INTTYPES_H 1
| #define HAVE_STDINT_H 1
| #define HAVE_UNISTD_H 1
| #define HAVE_SYS_TIME_H 1
| #define CPU core2
| #define HAVE_SYSCALL_GETTID 1
| /* end confdefs.h.  */
| #include <unistd.h>
|                                      #include <stdlib.h>
|                                      #include <stdio.h>
|                                      #include <time.h>
|                                      #include <syscall.h>
|                                      main() {
|                                        struct timespec t1, t2;
|                                        double seconds;
|                                        if (syscall(__NR_clock_gettime,CLOCK_REALTIME_HR,&t1) == -1) exit(1);
|                                          sleep(1);
|                                        if (syscall(__NR_clock_gettime,CLOCK_REALTIME_HR,&t2) == -1) exit(1);
|                                          seconds = ((double)t2.tv_sec + (double)t2.tv_nsec/1000000000.0) - ((double)t1.tv_sec + (double)t1.tv_nsec/1000000000.0);
|                                        if (seconds > 1.0)
|                                          exit(0);
|                                        else
|                                          exit(1);
|                                      }
configure:4563: result: no
configure:4565: checking for working CLOCK_REALTIME POSIX 1b timer
configure:4599: gcc -o conftest  -g   conftest.c  >&5
configure:4602: $? = 0
configure:4604: ./conftest
configure:4607: $? = 0
configure:4610: result: yes
configure:4632: checking for real time clock or cycle counter
configure:4670: result: clock_realtime
configure:4692: checking for working __thread
configure:4731: gcc -o conftest -pthread   conftest.c  >&5
conftest.c: In function 'thread_main':
conftest.c:30:34: warning: cast from pointer to integer of different size
conftest.c:32:34: warning: cast from pointer to integer of different size
conftest.c:33:39: warning: cast from pointer to integer of different size
conftest.c:35:39: warning: cast from pointer to integer of different size
conftest.c: In function 'main':
conftest.c:41:30: warning: passing argument 3 of 'pthread_create' from incompatible pointer type
/usr/include/pthread.h:225:12: note: expected 'void * (*)(void *)' but argument is of type 'void (*)(void *)'
conftest.c:42:30: warning: passing argument 3 of 'pthread_create' from incompatible pointer type
/usr/include/pthread.h:225:12: note: expected 'void * (*)(void *)' but argument is of type 'void (*)(void *)'
configure:4734: $? = 0
configure:4736: ./conftest
configure:4739: $? = 0
configure:4741: result: yes
configure:4774: checking for high performance thread local storage
configure:4789: result: __thread
configure:4804: checking for working CLOCK_THREAD_CPUTIME_ID POSIX 1b timer
configure:4881: gcc -o conftest -pthread   conftest.c  >&5
conftest.c: In function 'doThreadTwo':
conftest.c:67:27: warning: return makes pointer from integer without a cast
configure:4884: $? = 0
configure:4886: ./conftest
configure:4889: $? = 0
configure:4891: result: yes
configure:5007: checking for thread virtual clock or cycle counter
configure:5040: result: clock_thread_cputime_id
configure:5206: Generating papi_events_table.h
configure:5218: checking for which libraries to build
configure:5247: result: shared static
configure:5251: checking for link test cases with shared library
configure:5282: result: 
configure:5307: checking for /sys/class/perfctr
configure:5322: result: no
configure:5327: checking for /dev/perfctr
configure:5342: result: no
configure:5729: checking for /sys/kernel/perfmon/version
configure:5744: result: no
configure:5749: checking for /proc/perfmon
configure:5764: result: no
configure:5868: checking for /proc/sys/kernel/perf_event_paranoid
configure:5883: result: yes
configure:5888: checking for libpfm4/include/perfmon/perf_event.h
configure:5903: result: yes
configure:6826: checking platform
configure:7025: result: linux-pe
configure:7463: Compiling genpapifdef with gcc
configure:7468: Generating fpapi.h
configure:7471: Generating f77papi.h
configure:7474: Generating f90papi.h
configure:7478: Rules.pfm4_pe will be included in the generated Makefile
configure:7577: creating ./config.status

## ---------------------- ##
## Running config.status. ##
## ---------------------- ##

This file was extended by PAPI config.status 4.2.0.0, which was
generated by GNU Autoconf 2.59.  Invocation command line was

  CONFIG_FILES    = 
  CONFIG_HEADERS  = 
  CONFIG_LINKS    = 
  CONFIG_COMMANDS = 
  $ ./config.status 

on naps62-mint

config.status:713: creating Makefile
config.status:816: creating config.h

## ---------------- ##
## Cache variables. ##
## ---------------- ##

ac_cv_c_compiler_gnu=yes
ac_cv_c_inline=inline
ac_cv_env_CC_set=
ac_cv_env_CC_value=
ac_cv_env_CFLAGS_set=
ac_cv_env_CFLAGS_value=
ac_cv_env_CPPFLAGS_set=
ac_cv_env_CPPFLAGS_value=
ac_cv_env_CPP_set=
ac_cv_env_CPP_value=
ac_cv_env_F77_set=
ac_cv_env_F77_value=
ac_cv_env_FFLAGS_set=
ac_cv_env_FFLAGS_value=
ac_cv_env_LDFLAGS_set=
ac_cv_env_LDFLAGS_value=
ac_cv_env_build_alias_set=
ac_cv_env_build_alias_value=
ac_cv_env_host_alias_set=
ac_cv_env_host_alias_value=
ac_cv_env_target_alias_set=
ac_cv_env_target_alias_value=
ac_cv_exeext=
ac_cv_f77_compiler_gnu=no
ac_cv_file__dev_perfctr=no
ac_cv_file__proc_perfmon=no
ac_cv_file__proc_sys_kernel_perf_event_paranoid=yes
ac_cv_file__sys_class_perfctr=no
ac_cv_file__sys_kernel_perfmon_version=no
ac_cv_file_libpfm4_include_perfmon_perf_event_h=yes
ac_cv_func_clock_gettime=no
ac_cv_func_ffsll=yes
ac_cv_func_gethrtime=no
ac_cv_func_mach_absolute_time=no
ac_cv_func_read_real_time=no
ac_cv_func_time_base_to_time=no
ac_cv_header_c_asm_h=no
ac_cv_header_intrinsics_h=no
ac_cv_header_inttypes_h=yes
ac_cv_header_mach_mach_time_h=no
ac_cv_header_memory_h=yes
ac_cv_header_stdc=yes
ac_cv_header_stdint_h=yes
ac_cv_header_stdlib_h=yes
ac_cv_header_string_h=yes
ac_cv_header_strings_h=yes
ac_cv_header_sys_stat_h=yes
ac_cv_header_sys_time_h=yes
ac_cv_header_sys_types_h=yes
ac_cv_header_time=yes
ac_cv_header_unistd_h=yes
ac_cv_objext=o
ac_cv_prog_AWK=gawk
ac_cv_prog_CPP='gcc -E'
ac_cv_prog_ac_ct_CC=gcc
ac_cv_prog_ac_ct_RANLIB=ranlib
ac_cv_prog_cc_g=yes
ac_cv_prog_cc_stdc=
ac_cv_prog_egrep='grep -E'
ac_cv_prog_f77_g=no
ac_cv_prog_make_make_set=yes

## ----------------- ##
## Output variables. ##
## ----------------- ##

AR='ar'
ARCH_EVENTS=''
ARG64=''
AWK='gawk'
BGP_SYSDIR=''
BITFLAGS=''
CC='gcc'
CC_R='$(CC) -pthread'
CC_SHR='$(CC) -fPIC -DPIC -shared -Wl,-soname -Wl,libpapi.so -Xlinker "-rpath" -Xlinker "$(LIBDIR)"'
CFLAGS=' -g -DSTATIC_PAPI_EVENTS_TABLE -DPEINCLUDE=\"libpfm4/include/perfmon/perf_event.h\" -D_REENTRANT -D_GNU_SOURCE -DUSE_COMPILER_TLS  -Wall'
COMPONENTS=''
COMPONENT_RULES='components/Rules.components'
CPP='gcc -E'
CPPFLAGS=''
CPU='core2'
CPU_MODEL=''
CTEST_TARGETS='papi_api serial forkexec_tests overflow_tests profile_tests attach multiplex_and_pthreads shared '
DEBUGFLAGS='-DPAPI_NO_MEMORY_MANAGEMENT'
DEFS='-DHAVE_CONFIG_H'
DESCR=''
ECHO_C=''
ECHO_N='-n'
ECHO_T=''
EGREP='grep -E'
EXEEXT=''
EXTRA_CFLAGS='-Wextra'
F77='@echo nof77 '
FFLAGS='  -Dlinux -Wall -ffixed-line-length-132'
FILENAME='Rules.pfm4_pe'
FLAGS=''
FTEST_TARGETS='strtest zero first second tenth description fdmemtest accum highlevel cost johnmay2 case1 case2 clockres eventname fmatrixlowpapi fmatrixpapi fmatrixpapi2 flops fmultiplex1 fmultiplex2 avail'
LDFLAGS=''
LDL='-ldl'
LIBOBJS=''
LIBRARY='libpapi.a'
LIBS=''
LINKLIB='../$(LIBRARY)'
LN_S='ln -s'
LTLIBOBJS=''
MAKEVER='linux-pe'
MEMSUBSTR='linux'
MISCHDRS='linux-timer.h linux-common.h'
MISCOBJS='$(MISCSRCS:.c=.o)'
MISCSRCS=' x86_cache_info.c sys_perf_event_open.c linux-timer.c linux-common.c'
MPICC=''
NOOPT=''
NOTLS='-DUSE_COMPILER_TLS'
OBJEXT='o'
OMPCFLGS='-fopenmp'
OPTFLAGS='-O2 -DPAPI_NO_MEMORY_MANAGEMENT'
OS='linux'
PACKAGE_BUGREPORT='ptools-perfapi@eecs.utk.edu'
PACKAGE_NAME='PAPI'
PACKAGE_STRING='PAPI 4.2.0.0'
PACKAGE_TARNAME='papi'
PACKAGE_VERSION='4.2.0.0'
PATH_SEPARATOR=':'
PMAPI=''
PMINIT=''
POST_BUILD=''
RANLIB='ranlib'
SETPATH=''
SET_MAKE=''
SHELL='/bin/bash'
SHLIB='libpapi.so.$(PAPIVER)'
SHLIBDEPS=''
SHOW_CONF='showconf'
SMPCFLGS=''
STATIC=''
SUBSTR='perf_events'
TESTS=''
TOPTFLAGS='-O0'
UTIL_TARGETS='papi_avail papi_mem_info papi_cost papi_clockres papi_native_avail papi_command_line papi_event_chooser papi_decode papi_xml_event_info papi_version papi_multiplex_cost papi_component_avail papi_error_codes'
VERSION=''
ac_ct_CC='gcc'
ac_ct_F77=''
ac_ct_RANLIB='ranlib'
altix=''
arch='x86_64'
bindir='${exec_prefix}/bin'
build_alias=''
cpu_option=''
datadir='${prefix}/share'
datarootdir=''
docdir=''
exec_prefix='${prefix}'
host_alias=''
includedir='${prefix}/include'
infodir='${prefix}/info'
libdir='${exec_prefix}/lib'
libexecdir='${exec_prefix}/libexec'
localstatedir='${prefix}/var'
mandir='${prefix}/man'
old_pfmv2='n'
oldincludedir='/usr/include'
papiLIBS='shared static'
papi_events='static'
papi_events_table='papi_events_table.h'
perfctr_incdir=''
perfctr_libdir=''
perfctr_prefix=''
perfctr_root=''
pfm_incdir=''
pfm_libdir=''
pfm_prefix=''
pfm_root=''
prefix='/usr/local'
program_transform_name='s,x,x,'
sbindir='${exec_prefix}/sbin'
sharedstatedir='${prefix}/com'
sysconfdir='${prefix}/etc'
target_alias=''
tests='ctests ftests comp_tests'

## ----------- ##
## confdefs.h. ##
## ----------- ##

#define CPU core2
#define HAVE_CLOCK_GETTIME_REALTIME CLOCK_REALTIME
#define HAVE_CLOCK_GETTIME_THREAD CLOCK_THREAD_CPUTIME_ID
#define HAVE_INTTYPES_H 1
#define HAVE_LIBPERFCTR_H 1
#define HAVE_MEMORY_H 1
#define HAVE_PERFMON_PFMLIB_MONTECITO_H 1
#define HAVE_PFMLIB_OUTPUT_PFP_PMD_COUNT 1
#define HAVE_PFM_GET_EVENT_DESCRIPTION 1
#define HAVE_STDINT_H 1
#define HAVE_STDLIB_H 1
#define HAVE_STRINGS_H 1
#define HAVE_STRING_H 1
#define HAVE_SYSCALL_GETTID 1
#define HAVE_SYS_STAT_H 1
#define HAVE_SYS_TIME_H 1
#define HAVE_SYS_TYPES_H 1
#define HAVE_THREAD_LOCAL_STORAGE __thread
#define HAVE_UNISTD_H 1
#define PACKAGE_BUGREPORT "ptools-perfapi@eecs.utk.edu"
#define PACKAGE_NAME "PAPI"
#define PACKAGE_STRING "PAPI 4.2.0.0"
#define PACKAGE_TARNAME "papi"
#define PACKAGE_VERSION "4.2.0.0"
#define STDC_HEADERS 1
#define TIME_WITH_SYS_TIME 1
#define _GNU_SOURCE 1

configure: exit 0
